[debug] [2021-02-27T16:37:28.858Z] ----------------------------------------------------------------------
[debug] [2021-02-27T16:37:28.866Z] Command:       C:\Program Files\nodejs\node.exe C:\Users\ghula\AppData\Roaming\npm\node_modules\firebase-tools\lib\bin\firebase.js serve
[debug] [2021-02-27T16:37:28.867Z] CLI Version:   9.5.0
[debug] [2021-02-27T16:37:28.867Z] Platform:      win32
[debug] [2021-02-27T16:37:28.868Z] Node Version:  v14.15.5
[debug] [2021-02-27T16:37:28.886Z] Time:          Sat Feb 27 2021 22:07:28 GMT+0530 (India Standard Time)
[debug] [2021-02-27T16:37:28.886Z] ----------------------------------------------------------------------
[debug] [2021-02-27T16:37:28.887Z] 
[debug] [2021-02-27T16:37:28.895Z] >>> [apiv2][query] GET https://firebase-public.firebaseio.com/cli.json [none]
[debug] [2021-02-27T16:37:28.991Z] > command requires scopes: ["email","openid","https://www.googleapis.com/auth/cloudplatformprojects.readonly","https://www.googleapis.com/auth/firebase","https://www.googleapis.com/auth/cloud-platform"]
[debug] [2021-02-27T16:37:28.995Z] > authorizing via signed-in user
[debug] [2021-02-27T16:37:28.996Z] [iam] checking project contacts-app1 for permissions ["firebase.projects.get"]
[debug] [2021-02-27T16:37:29.003Z] > refreshing access token with scopes: ["email","https://www.googleapis.com/auth/cloud-platform","https://www.googleapis.com/auth/cloudplatformprojects.readonly","https://www.googleapis.com/auth/firebase","openid"]
[debug] [2021-02-27T16:37:29.004Z] >>> HTTP REQUEST POST https://www.googleapis.com/oauth2/v3/token  
 <request body omitted>
[debug] [2021-02-27T16:37:29.389Z] <<< HTTP RESPONSE 200 {"cache-control":"no-cache, no-store, max-age=0, must-revalidate","date":"Sat, 27 Feb 2021 16:37:22 GMT","pragma":"no-cache","expires":"Mon, 01 Jan 1990 00:00:00 GMT","content-type":"application/json; charset=utf-8","vary":"X-Origin, Referer, Origin,Accept-Encoding","server":"scaffolding on HTTPServer2","x-xss-protection":"0","x-frame-options":"SAMEORIGIN","x-content-type-options":"nosniff","alt-svc":"h3-29=\":443\"; ma=2592000,h3-T051=\":443\"; ma=2592000,h3-Q050=\":443\"; ma=2592000,h3-Q046=\":443\"; ma=2592000,h3-Q043=\":443\"; ma=2592000,quic=\":443\"; ma=2592000; v=\"46,43\"","accept-ranges":"none","transfer-encoding":"chunked"}
[debug] [2021-02-27T16:37:29.410Z] >>> HTTP REQUEST POST https://cloudresourcemanager.googleapis.com/v1/projects/contacts-app1:testIamPermissions  
 {"permissions":["firebase.projects.get"]}
[debug] [2021-02-27T16:37:30.004Z] <<< [apiv2][status] GET https://firebase-public.firebaseio.com/cli.json 200
[debug] [2021-02-27T16:37:30.004Z] <<< [apiv2][body] GET https://firebase-public.firebaseio.com/cli.json {"cloudBuildErrorAfter":1594252800000,"cloudBuildWarnAfter":1590019200000,"defaultNode10After":1594252800000,"minVersion":"3.0.5","node8DeploysDisabledAfter":1613390400000,"node8RuntimeDisabledAfter":1615809600000,"node8WarnAfter":1600128000000}
[debug] [2021-02-27T16:37:31.153Z] <<< HTTP RESPONSE 200 {"content-type":"application/json; charset=UTF-8","vary":"X-Origin, Referer, Origin,Accept-Encoding","date":"Sat, 27 Feb 2021 16:37:24 GMT","server":"ESF","cache-control":"private","x-xss-protection":"0","x-frame-options":"SAMEORIGIN","x-content-type-options":"nosniff","server-timing":"gfet4t7; dur=1380","alt-svc":"h3-29=\":443\"; ma=2592000,h3-T051=\":443\"; ma=2592000,h3-Q050=\":443\"; ma=2592000,h3-Q046=\":443\"; ma=2592000,h3-Q043=\":443\"; ma=2592000,quic=\":443\"; ma=2592000; v=\"46,43\"","accept-ranges":"none","transfer-encoding":"chunked"}
[debug] [2021-02-27T16:37:31.156Z] > refreshing access token with scopes: []
[debug] [2021-02-27T16:37:31.157Z] >>> HTTP REQUEST POST https://www.googleapis.com/oauth2/v3/token  
 <request body omitted>
[debug] [2021-02-27T16:37:31.445Z] <<< HTTP RESPONSE 200 {"expires":"Mon, 01 Jan 1990 00:00:00 GMT","date":"Sat, 27 Feb 2021 16:37:24 GMT","pragma":"no-cache","cache-control":"no-cache, no-store, max-age=0, must-revalidate","content-type":"application/json; charset=utf-8","vary":"X-Origin, Referer, Origin,Accept-Encoding","server":"scaffolding on HTTPServer2","x-xss-protection":"0","x-frame-options":"SAMEORIGIN","x-content-type-options":"nosniff","alt-svc":"h3-29=\":443\"; ma=2592000,h3-T051=\":443\"; ma=2592000,h3-Q050=\":443\"; ma=2592000,h3-Q046=\":443\"; ma=2592000,h3-Q043=\":443\"; ma=2592000,quic=\":443\"; ma=2592000; v=\"46,43\"","accept-ranges":"none","transfer-encoding":"chunked"}
[debug] [2021-02-27T16:37:31.473Z] >>> [apiv2][query] GET https://firebase.googleapis.com/v1beta1/projects/contacts-app1 [none]
[debug] [2021-02-27T16:37:31.983Z] <<< [apiv2][status] GET https://firebase.googleapis.com/v1beta1/projects/contacts-app1 200
[debug] [2021-02-27T16:37:31.984Z] <<< [apiv2][body] GET https://firebase.googleapis.com/v1beta1/projects/contacts-app1 {"projectId":"contacts-app1","projectNumber":"646325709143","displayName":"contacts","name":"projects/contacts-app1","resources":{"hostingSite":"contacts-app1"},"state":"ACTIVE"}
[info] 
[info] === Serving from 'D:\projects\contacts'...
[info] 
[debug] [2021-02-27T16:37:32.004Z] >>> [apiv2][query] GET https://firebase.googleapis.com/v1beta1/projects/contacts-app1/webApps/-/config [none]
[debug] [2021-02-27T16:37:33.172Z] <<< [apiv2][status] GET https://firebase.googleapis.com/v1beta1/projects/contacts-app1/webApps/-/config 200
[debug] [2021-02-27T16:37:33.173Z] <<< [apiv2][body] GET https://firebase.googleapis.com/v1beta1/projects/contacts-app1/webApps/-/config {"projectId":"contacts-app1","storageBucket":"contacts-app1.appspot.com","apiKey":"AIzaSyC-nzCjlqNXQkDRX-E6hbAdPAA5S8xvziM","authDomain":"contacts-app1.firebaseapp.com","messagingSenderId":"646325709143"}
[info] i  hosting: Serving hosting files from: public {"metadata":{"emulator":{"name":"hosting"},"message":"Serving hosting files from: \u001b[1mpublic\u001b[22m"}}
[info] +  hosting: Local server: http://localhost:5000 {"metadata":{"emulator":{"name":"hosting"},"message":"Local server: \u001b[4m\u001b[1mhttp://localhost:5000\u001b[22m\u001b[24m"}}
[info] i  hosting: 127.0.0.1 - - [27/Feb/2021:16:37:54 +0000] "GET / HTTP/1.1" 200 2953 "-" "Mozilla/5.0 (Windows NT 10.0; Win64; x64) AppleWebKit/537.36 (KHTML, like Gecko) Chrome/88.0.4324.190 Safari/537.36" {"metadata":{"emulator":{"name":"hosting"},"message":"127.0.0.1 - - [27/Feb/2021:16:37:54 +0000] \"GET / HTTP/1.1\" 200 2953 \"-\" \"Mozilla/5.0 (Windows NT 10.0; Win64; x64) AppleWebKit/537.36 (KHTML, like Gecko) Chrome/88.0.4324.190 Safari/537.36\""}}
[info] i  hosting: 127.0.0.1 - - [27/Feb/2021:16:37:54 +0000] "GET /favicon.ico HTTP/1.1" 404 1808 "http://localhost:5000/" "Mozilla/5.0 (Windows NT 10.0; Win64; x64) AppleWebKit/537.36 (KHTML, like Gecko) Chrome/88.0.4324.190 Safari/537.36" {"metadata":{"emulator":{"name":"hosting"},"message":"127.0.0.1 - - [27/Feb/2021:16:37:54 +0000] \"GET /favicon.ico HTTP/1.1\" 404 1808 \"http://localhost:5000/\" \"Mozilla/5.0 (Windows NT 10.0; Win64; x64) AppleWebKit/537.36 (KHTML, like Gecko) Chrome/88.0.4324.190 Safari/537.36\""}}
